running egg_info
creating build/ros2_project_sc22dd/ros2_project_sc22dd.egg-info
writing build/ros2_project_sc22dd/ros2_project_sc22dd.egg-info/PKG-INFO
writing dependency_links to build/ros2_project_sc22dd/ros2_project_sc22dd.egg-info/dependency_links.txt
writing entry points to build/ros2_project_sc22dd/ros2_project_sc22dd.egg-info/entry_points.txt
writing requirements to build/ros2_project_sc22dd/ros2_project_sc22dd.egg-info/requires.txt
writing top-level names to build/ros2_project_sc22dd/ros2_project_sc22dd.egg-info/top_level.txt
writing manifest file 'build/ros2_project_sc22dd/ros2_project_sc22dd.egg-info/SOURCES.txt'
reading manifest file 'build/ros2_project_sc22dd/ros2_project_sc22dd.egg-info/SOURCES.txt'
writing manifest file 'build/ros2_project_sc22dd/ros2_project_sc22dd.egg-info/SOURCES.txt'
running build
running build_py
creating /uolstore/home/users/sc22dd/ros2_ws/src/ros2_project_sc22dd/build/ros2_project_sc22dd/build
creating /uolstore/home/users/sc22dd/ros2_ws/src/ros2_project_sc22dd/build/ros2_project_sc22dd/build/lib
creating /uolstore/home/users/sc22dd/ros2_ws/src/ros2_project_sc22dd/build/ros2_project_sc22dd/build/lib/ros2_project_sc22dd
copying ros2_project_sc22dd/blue_detector.py -> /uolstore/home/users/sc22dd/ros2_ws/src/ros2_project_sc22dd/build/ros2_project_sc22dd/build/lib/ros2_project_sc22dd
copying ros2_project_sc22dd/__init__.py -> /uolstore/home/users/sc22dd/ros2_ws/src/ros2_project_sc22dd/build/ros2_project_sc22dd/build/lib/ros2_project_sc22dd
copying ros2_project_sc22dd/motion_planner.py -> /uolstore/home/users/sc22dd/ros2_ws/src/ros2_project_sc22dd/build/ros2_project_sc22dd/build/lib/ros2_project_sc22dd
running install
running install_lib
creating /uolstore/home/users/sc22dd/ros2_ws/src/ros2_project_sc22dd/install/ros2_project_sc22dd/lib/python3.10/site-packages/ros2_project_sc22dd
copying /uolstore/home/users/sc22dd/ros2_ws/src/ros2_project_sc22dd/build/ros2_project_sc22dd/build/lib/ros2_project_sc22dd/blue_detector.py -> /uolstore/home/users/sc22dd/ros2_ws/src/ros2_project_sc22dd/install/ros2_project_sc22dd/lib/python3.10/site-packages/ros2_project_sc22dd
copying /uolstore/home/users/sc22dd/ros2_ws/src/ros2_project_sc22dd/build/ros2_project_sc22dd/build/lib/ros2_project_sc22dd/__init__.py -> /uolstore/home/users/sc22dd/ros2_ws/src/ros2_project_sc22dd/install/ros2_project_sc22dd/lib/python3.10/site-packages/ros2_project_sc22dd
copying /uolstore/home/users/sc22dd/ros2_ws/src/ros2_project_sc22dd/build/ros2_project_sc22dd/build/lib/ros2_project_sc22dd/motion_planner.py -> /uolstore/home/users/sc22dd/ros2_ws/src/ros2_project_sc22dd/install/ros2_project_sc22dd/lib/python3.10/site-packages/ros2_project_sc22dd
byte-compiling /uolstore/home/users/sc22dd/ros2_ws/src/ros2_project_sc22dd/install/ros2_project_sc22dd/lib/python3.10/site-packages/ros2_project_sc22dd/blue_detector.py to blue_detector.cpython-310.pyc
byte-compiling /uolstore/home/users/sc22dd/ros2_ws/src/ros2_project_sc22dd/install/ros2_project_sc22dd/lib/python3.10/site-packages/ros2_project_sc22dd/__init__.py to __init__.cpython-310.pyc
byte-compiling /uolstore/home/users/sc22dd/ros2_ws/src/ros2_project_sc22dd/install/ros2_project_sc22dd/lib/python3.10/site-packages/ros2_project_sc22dd/motion_planner.py to motion_planner.cpython-310.pyc
running install_data
creating /uolstore/home/users/sc22dd/ros2_ws/src/ros2_project_sc22dd/install/ros2_project_sc22dd/share/ament_index
creating /uolstore/home/users/sc22dd/ros2_ws/src/ros2_project_sc22dd/install/ros2_project_sc22dd/share/ament_index/resource_index
creating /uolstore/home/users/sc22dd/ros2_ws/src/ros2_project_sc22dd/install/ros2_project_sc22dd/share/ament_index/resource_index/packages
copying resource/ros2_project_sc22dd -> /uolstore/home/users/sc22dd/ros2_ws/src/ros2_project_sc22dd/install/ros2_project_sc22dd/share/ament_index/resource_index/packages
copying package.xml -> /uolstore/home/users/sc22dd/ros2_ws/src/ros2_project_sc22dd/install/ros2_project_sc22dd/share/ros2_project_sc22dd
creating /uolstore/home/users/sc22dd/ros2_ws/src/ros2_project_sc22dd/install/ros2_project_sc22dd/share/ros2_project_sc22dd/launch
copying launch/project_launch.py -> /uolstore/home/users/sc22dd/ros2_ws/src/ros2_project_sc22dd/install/ros2_project_sc22dd/share/ros2_project_sc22dd/launch
running install_egg_info
Copying build/ros2_project_sc22dd/ros2_project_sc22dd.egg-info to /uolstore/home/users/sc22dd/ros2_ws/src/ros2_project_sc22dd/install/ros2_project_sc22dd/lib/python3.10/site-packages/ros2_project_sc22dd-0.0.0-py3.10.egg-info
running install_scripts
Installing blue_detector script to /uolstore/home/users/sc22dd/ros2_ws/src/ros2_project_sc22dd/install/ros2_project_sc22dd/lib/ros2_project_sc22dd
Installing motion_planner script to /uolstore/home/users/sc22dd/ros2_ws/src/ros2_project_sc22dd/install/ros2_project_sc22dd/lib/ros2_project_sc22dd
writing list of installed files to '/uolstore/home/users/sc22dd/ros2_ws/src/ros2_project_sc22dd/build/ros2_project_sc22dd/install.log'
