[1.994s] Invoking command in '/uolstore/home/users/sc22dd/ros2_ws/src/ros2_project_sc22dd': PYTHONPATH=/uolstore/home/users/sc22dd/ros2_ws/src/ros2_project_sc22dd/build/ros2_project_sc22dd/prefix_override:/uolstore/home/users/sc22dd/ros2_ws/src/ros2_project_sc22dd/install/ros2_project_sc22dd/lib/python3.10/site-packages:${PYTHONPATH} /usr/bin/python3 setup.py egg_info --egg-base build/ros2_project_sc22dd build --build-base /uolstore/home/users/sc22dd/ros2_ws/src/ros2_project_sc22dd/build/ros2_project_sc22dd/build install --record /uolstore/home/users/sc22dd/ros2_ws/src/ros2_project_sc22dd/build/ros2_project_sc22dd/install.log --single-version-externally-managed
[2.574s] running egg_info
[2.576s] creating build/ros2_project_sc22dd/ros2_project_sc22dd.egg-info
[2.577s] writing build/ros2_project_sc22dd/ros2_project_sc22dd.egg-info/PKG-INFO
[2.583s] writing dependency_links to build/ros2_project_sc22dd/ros2_project_sc22dd.egg-info/dependency_links.txt
[2.585s] writing entry points to build/ros2_project_sc22dd/ros2_project_sc22dd.egg-info/entry_points.txt
[2.588s] writing requirements to build/ros2_project_sc22dd/ros2_project_sc22dd.egg-info/requires.txt
[2.590s] writing top-level names to build/ros2_project_sc22dd/ros2_project_sc22dd.egg-info/top_level.txt
[2.593s] writing manifest file 'build/ros2_project_sc22dd/ros2_project_sc22dd.egg-info/SOURCES.txt'
[2.602s] reading manifest file 'build/ros2_project_sc22dd/ros2_project_sc22dd.egg-info/SOURCES.txt'
[2.605s] writing manifest file 'build/ros2_project_sc22dd/ros2_project_sc22dd.egg-info/SOURCES.txt'
[2.607s] running build
[2.607s] running build_py
[2.608s] creating /uolstore/home/users/sc22dd/ros2_ws/src/ros2_project_sc22dd/build/ros2_project_sc22dd/build
[2.609s] creating /uolstore/home/users/sc22dd/ros2_ws/src/ros2_project_sc22dd/build/ros2_project_sc22dd/build/lib
[2.610s] creating /uolstore/home/users/sc22dd/ros2_ws/src/ros2_project_sc22dd/build/ros2_project_sc22dd/build/lib/ros2_project_sc22dd
[2.612s] copying ros2_project_sc22dd/blue_detector.py -> /uolstore/home/users/sc22dd/ros2_ws/src/ros2_project_sc22dd/build/ros2_project_sc22dd/build/lib/ros2_project_sc22dd
[2.618s] copying ros2_project_sc22dd/__init__.py -> /uolstore/home/users/sc22dd/ros2_ws/src/ros2_project_sc22dd/build/ros2_project_sc22dd/build/lib/ros2_project_sc22dd
[2.622s] copying ros2_project_sc22dd/motion_planner.py -> /uolstore/home/users/sc22dd/ros2_ws/src/ros2_project_sc22dd/build/ros2_project_sc22dd/build/lib/ros2_project_sc22dd
[2.626s] running install
[2.627s] running install_lib
[2.632s] creating /uolstore/home/users/sc22dd/ros2_ws/src/ros2_project_sc22dd/install/ros2_project_sc22dd/lib/python3.10/site-packages/ros2_project_sc22dd
[2.634s] copying /uolstore/home/users/sc22dd/ros2_ws/src/ros2_project_sc22dd/build/ros2_project_sc22dd/build/lib/ros2_project_sc22dd/blue_detector.py -> /uolstore/home/users/sc22dd/ros2_ws/src/ros2_project_sc22dd/install/ros2_project_sc22dd/lib/python3.10/site-packages/ros2_project_sc22dd
[2.641s] copying /uolstore/home/users/sc22dd/ros2_ws/src/ros2_project_sc22dd/build/ros2_project_sc22dd/build/lib/ros2_project_sc22dd/__init__.py -> /uolstore/home/users/sc22dd/ros2_ws/src/ros2_project_sc22dd/install/ros2_project_sc22dd/lib/python3.10/site-packages/ros2_project_sc22dd
[2.645s] copying /uolstore/home/users/sc22dd/ros2_ws/src/ros2_project_sc22dd/build/ros2_project_sc22dd/build/lib/ros2_project_sc22dd/motion_planner.py -> /uolstore/home/users/sc22dd/ros2_ws/src/ros2_project_sc22dd/install/ros2_project_sc22dd/lib/python3.10/site-packages/ros2_project_sc22dd
[2.659s] byte-compiling /uolstore/home/users/sc22dd/ros2_ws/src/ros2_project_sc22dd/install/ros2_project_sc22dd/lib/python3.10/site-packages/ros2_project_sc22dd/blue_detector.py to blue_detector.cpython-310.pyc
[2.667s] byte-compiling /uolstore/home/users/sc22dd/ros2_ws/src/ros2_project_sc22dd/install/ros2_project_sc22dd/lib/python3.10/site-packages/ros2_project_sc22dd/__init__.py to __init__.cpython-310.pyc
[2.673s] byte-compiling /uolstore/home/users/sc22dd/ros2_ws/src/ros2_project_sc22dd/install/ros2_project_sc22dd/lib/python3.10/site-packages/ros2_project_sc22dd/motion_planner.py to motion_planner.cpython-310.pyc
[2.679s] running install_data
[2.680s] creating /uolstore/home/users/sc22dd/ros2_ws/src/ros2_project_sc22dd/install/ros2_project_sc22dd/share/ament_index
[2.681s] creating /uolstore/home/users/sc22dd/ros2_ws/src/ros2_project_sc22dd/install/ros2_project_sc22dd/share/ament_index/resource_index
[2.682s] creating /uolstore/home/users/sc22dd/ros2_ws/src/ros2_project_sc22dd/install/ros2_project_sc22dd/share/ament_index/resource_index/packages
[2.683s] copying resource/ros2_project_sc22dd -> /uolstore/home/users/sc22dd/ros2_ws/src/ros2_project_sc22dd/install/ros2_project_sc22dd/share/ament_index/resource_index/packages
[2.688s] copying package.xml -> /uolstore/home/users/sc22dd/ros2_ws/src/ros2_project_sc22dd/install/ros2_project_sc22dd/share/ros2_project_sc22dd
[2.693s] creating /uolstore/home/users/sc22dd/ros2_ws/src/ros2_project_sc22dd/install/ros2_project_sc22dd/share/ros2_project_sc22dd/launch
[2.695s] copying launch/project_launch.py -> /uolstore/home/users/sc22dd/ros2_ws/src/ros2_project_sc22dd/install/ros2_project_sc22dd/share/ros2_project_sc22dd/launch
[2.699s] running install_egg_info
[2.705s] Copying build/ros2_project_sc22dd/ros2_project_sc22dd.egg-info to /uolstore/home/users/sc22dd/ros2_ws/src/ros2_project_sc22dd/install/ros2_project_sc22dd/lib/python3.10/site-packages/ros2_project_sc22dd-0.0.0-py3.10.egg-info
[2.753s] running install_scripts
[2.792s] Installing blue_detector script to /uolstore/home/users/sc22dd/ros2_ws/src/ros2_project_sc22dd/install/ros2_project_sc22dd/lib/ros2_project_sc22dd
[2.797s] Installing motion_planner script to /uolstore/home/users/sc22dd/ros2_ws/src/ros2_project_sc22dd/install/ros2_project_sc22dd/lib/ros2_project_sc22dd
[2.803s] writing list of installed files to '/uolstore/home/users/sc22dd/ros2_ws/src/ros2_project_sc22dd/build/ros2_project_sc22dd/install.log'
[2.854s] Invoked command in '/uolstore/home/users/sc22dd/ros2_ws/src/ros2_project_sc22dd' returned '0': PYTHONPATH=/uolstore/home/users/sc22dd/ros2_ws/src/ros2_project_sc22dd/build/ros2_project_sc22dd/prefix_override:/uolstore/home/users/sc22dd/ros2_ws/src/ros2_project_sc22dd/install/ros2_project_sc22dd/lib/python3.10/site-packages:${PYTHONPATH} /usr/bin/python3 setup.py egg_info --egg-base build/ros2_project_sc22dd build --build-base /uolstore/home/users/sc22dd/ros2_ws/src/ros2_project_sc22dd/build/ros2_project_sc22dd/build install --record /uolstore/home/users/sc22dd/ros2_ws/src/ros2_project_sc22dd/build/ros2_project_sc22dd/install.log --single-version-externally-managed
